\BOOKMARK [0][-]{chapter*.1}{Zusammenfassung}{}% 1
\BOOKMARK [0][-]{chapter*.2}{Zusammenfassung}{}% 2
\BOOKMARK [0][-]{chapter.1}{Einleitung}{}% 3
\BOOKMARK [1][-]{section.1.1}{Motivation}{chapter.1}% 4
\BOOKMARK [1][-]{section.1.2}{Unterschied zentraler sozialer zu dezentralen sozialen Netzwerken}{chapter.1}% 5
\BOOKMARK [0][-]{chapter.2}{Grundlagen zur sicheren Umsetzung dezentraler sozialer Netzwerke}{}% 6
\BOOKMARK [1][-]{section.2.1}{ActivityPub Standard}{chapter.2}% 7
\BOOKMARK [2][-]{subsection.2.1.1}{Bestandteile des Protokolls}{section.2.1}% 8
\BOOKMARK [2][-]{subsection.2.1.2}{Zugeh\366rige Standards}{section.2.1}% 9
\BOOKMARK [1][-]{section.2.2}{Client-zu-Server Kommunikation}{chapter.2}% 10
\BOOKMARK [1][-]{section.2.3}{Server-zu-Server Kommunikation}{chapter.2}% 11
\BOOKMARK [1][-]{section.2.4}{Authentifizierung und Datenintegrit\344t}{chapter.2}% 12
\BOOKMARK [0][-]{chapter.3}{Analyse bestehender Ans\344tze}{}% 13
\BOOKMARK [1][-]{section.3.1}{Vergleich bestehender Implementierungen}{chapter.3}% 14
\BOOKMARK [1][-]{section.3.2}{Verwandte Protokolle}{chapter.3}% 15
\BOOKMARK [0][-]{chapter.4}{Entwurf einer L\366sung f\374r sichere Server-zu-Server Interaktion mit ActivityPub}{}% 16
\BOOKMARK [1][-]{section.4.1}{Entwurfsentscheidung}{chapter.4}% 17
\BOOKMARK [1][-]{section.4.2}{Technische Architektur}{chapter.4}% 18
\BOOKMARK [0][-]{chapter.5}{Implementierung eines ActivityPub Prototyps}{}% 19
\BOOKMARK [1][-]{section.5.1}{Server-zu-Server Protokoll}{chapter.5}% 20
\BOOKMARK [0][-]{chapter.6}{Evaluation}{}% 21
\BOOKMARK [1][-]{section.6.1}{Anwendungsbeispiel}{chapter.6}% 22
\BOOKMARK [1][-]{section.6.2}{\(Performanzmessungen\)}{chapter.6}% 23
\BOOKMARK [1][-]{section.6.3}{Disskusion von Vor- und Nachteilen der L\366sung}{chapter.6}% 24
\BOOKMARK [0][-]{chapter.7}{Zusammenfassung und Ausblick}{}% 25
\BOOKMARK [0][-]{appendix.A}{Appendix}{}% 26
\BOOKMARK [1][-]{section.A.1}{First Appendix Section}{appendix.A}% 27
